<?xml version="1.0" encoding="UTF-8"?>
<Site BuildName="Darwin-clang++"
	BuildStamp="20250211-0451-Experimental"
	Name="Changjoonui-MacBookPro.local"
	Generator="ctest-3.31.4"
	CompilerName="/Applications/Xcode.app/Contents/Developer/Toolchains/XcodeDefault.xctoolchain/usr/bin/clang++"
	CompilerVersion="16.0.0.16000026"
	OSName="macOS"
	Hostname="Changjoonui-MacBookPro.local"
	OSRelease="15.2"
	OSVersion="24C101"
	OSPlatform="arm64"
	Is64Bits="1"
	VendorString="Apple"
	VendorID="Apple"
	FamilyID="0"
	ModelID="0"
	ModelName="Apple M2 Pro"
	ProcessorCacheSize="131072"
	NumberOfLogicalCPU="10"
	NumberOfPhysicalCPU="10"
	TotalVirtualMemory="0"
	TotalPhysicalMemory="16384"
	LogicalProcessorsPerPhysical="10"
	ProcessorClockFrequency="0"
	>
	<Testing>
		<StartDateTime>Feb 11 13:51 KST</StartDateTime>
		<StartTestTime>1739249496</StartTestTime>
		<TestList/>
		<EndDateTime>Feb 11 13:51 KST</EndDateTime>
		<EndTestTime>1739249496</EndTestTime>
		<ElapsedMinutes>0</ElapsedMinutes>
	</Testing>
</Site>
