<?xml version="1.0" encoding="UTF-8"?>
<Site BuildName="Darwin-g++-14"
	BuildStamp="20250226-0113-Experimental"
	Name="Changjoonui-MacBookPro.local"
	Generator="ctest-3.31.4"
	CompilerName="/opt/homebrew/Cellar/gcc/14.2.0_1/bin/g++-14"
	CompilerVersion="14.2.0"
	OSName="macOS"
	Hostname="Changjoonui-MacBookPro.local"
	OSRelease="15.3.1"
	OSVersion="24D70"
	OSPlatform="arm64"
	Is64Bits="1"
	VendorString="Apple"
	VendorID="Apple"
	FamilyID="0"
	ModelID="0"
	ModelName="Apple M2 Pro"
	ProcessorCacheSize="131072"
	NumberOfLogicalCPU="10"
	NumberOfPhysicalCPU="10"
	TotalVirtualMemory="0"
	TotalPhysicalMemory="16384"
	LogicalProcessorsPerPhysical="10"
	ProcessorClockFrequency="0"
	>
	<Testing>
		<StartDateTime>Feb 26 16:07 KST</StartDateTime>
		<StartTestTime>1740553671</StartTestTime>
		<TestList/>
		<EndDateTime>Feb 26 16:07 KST</EndDateTime>
		<EndTestTime>1740553671</EndTestTime>
		<ElapsedMinutes>0</ElapsedMinutes>
	</Testing>
</Site>
